<?xml version="1.0" encoding="UTF-8"?>
<!-- Generated by org.testng.reporters.JUnitReportReporter -->
<testsuite hostname="HIBAML143107" name="runner.TestRunner" tests="1" failures="0" timestamp="23 Sep 2021 11:47:57 GMT" time="39.226" errors="0">
  <testcase name="feature" time="39.226" classname="runner.TestRunner"/>
</testsuite> <!-- runner.TestRunner -->
